app/build/outputs/logs/manifest-merger-debug-report.txt
-- Merging decision tree log ---
manifest
ADDED from src/main/AndroidManifest.xml:2:1-52:12
	package
		ADDED from src/main/AndroidManifest.xml:3:5-45
		INJECTED from src/main/AndroidManifest.xml
		INJECTED from src/main/AndroidManifest.xml
	android:versionName
		INJECTED from src/main/AndroidManifest.xml
		INJECTED from src/main/AndroidManifest.xml
	xmlns:android
		ADDED from src/main/AndroidManifest.xml:2:11-69
	android:versionCode
		INJECTED from src/main/AndroidManifest.xml
		INJECTED from src/main/AndroidManifest.xml
uses-permission#android.permission.INTERNET
ADDED from src/main/AndroidManifest.xml:5:5-67
MERGED from [com.google.android.gms:play-services-ads:7.5.0] AndroidManifest.xml:20:5-66
MERGED from [com.google.android.gms:play-services-analytics:7.5.0] AndroidManifest.xml:21:5-67
MERGED from [com.google.android.gms:play-services-appinvite:7.5.0] AndroidManifest.xml:19:5-67
MERGED from [com.google.android.gms:play-services-wallet:7.5.0] AndroidManifest.xml:20:5-66
MERGED from [com.google.android.gms:play-services-maps:7.5.0] AndroidManifest.xml:21:5-66
	android:name
		ADDED from src/main/AndroidManifest.xml:5:22-64
uses-permission#android.permission.ACCESS_NETWORK_STATE
ADDED from src/main/AndroidManifest.xml:6:5-79
MERGED from [com.google.android.gms:play-services-ads:7.5.0] AndroidManifest.xml:21:5-78
MERGED from [com.google.android.gms:play-services-analytics:7.5.0] AndroidManifest.xml:22:5-79
MERGED from [com.google.android.gms:play-services-nearby:7.5.0] AndroidManifest.xml:19:5-79
MERGED from [com.google.android.gms:play-services-maps:7.5.0] AndroidManifest.xml:20:5-78
	android:name
		ADDED from src/main/AndroidManifest.xml:6:22-76
uses-permission#android.permission.ACCESS_WIFI_STATE
ADDED from src/main/AndroidManifest.xml:7:5-76
	android:name
		ADDED from src/main/AndroidManifest.xml:7:22-73
uses-permission#android.permission.ACCESS_FINE_LOCATION
ADDED from src/main/AndroidManifest.xml:8:5-79
	android:name
		ADDED from src/main/AndroidManifest.xml:8:22-76
uses-permission#android.permission.ACCESS_COARSE_LOCATION
ADDED from src/main/AndroidManifest.xml:9:5-81
MERGED from [com.google.android.gms:play-services-maps:7.5.0] AndroidManifest.xml:23:5-80
	android:name
		ADDED from src/main/AndroidManifest.xml:9:22-78
uses-permission#android.permission.WAKE_LOCK
ADDED from src/main/AndroidManifest.xml:10:5-68
	android:name
		ADDED from src/main/AndroidManifest.xml:10:22-65
application
ADDED from src/main/AndroidManifest.xml:12:5-50:19
MERGED from [com.google.android.gms:play-services:7.5.0] AndroidManifest.xml:19:5-20
MERGED from [com.google.android.gms:play-services-ads:7.5.0] AndroidManifest.xml:24:5-32:19
MERGED from [com.google.android.gms:play-services-analytics:7.5.0] AndroidManifest.xml:24:5-20
MERGED from [com.google.android.gms:play-services-appindexing:7.5.0] AndroidManifest.xml:19:5-20
MERGED from [com.google.android.gms:play-services-appinvite:7.5.0] AndroidManifest.xml:20:5-20
MERGED from [com.google.android.gms:play-services-appstate:7.5.0] AndroidManifest.xml:19:5-20
MERGED from [com.google.android.gms:play-services-cast:7.5.0] AndroidManifest.xml:19:5-20
MERGED from [com.android.support:mediarouter-v7:22.0.0] AndroidManifest.xml:22:5-20
MERGED from [com.google.android.gms:play-services-fitness:7.5.0] AndroidManifest.xml:19:5-20
MERGED from [com.google.android.gms:play-services-games:7.5.0] AndroidManifest.xml:19:5-20
MERGED from [com.google.android.gms:play-services-drive:7.5.0] AndroidManifest.xml:19:5-20
MERGED from [com.google.android.gms:play-services-gcm:7.5.0] AndroidManifest.xml:19:5-20
MERGED from [com.google.android.gms:play-services-location:7.5.0] AndroidManifest.xml:19:5-20
MERGED from [com.google.android.gms:play-services-nearby:7.5.0] AndroidManifest.xml:20:5-20
MERGED from [com.google.android.gms:play-services-panorama:7.5.0] AndroidManifest.xml:19:5-20
MERGED from [com.google.android.gms:play-services-plus:7.5.0] AndroidManifest.xml:19:5-20
MERGED from [com.google.android.gms:play-services-safetynet:7.5.0] AndroidManifest.xml:19:5-20
MERGED from [com.google.android.gms:play-services-wallet:7.5.0] AndroidManifest.xml:24:5-35:19
MERGED from [com.google.android.gms:play-services-identity:7.5.0] AndroidManifest.xml:19:5-20
MERGED from [com.google.android.gms:play-services-maps:7.5.0] AndroidManifest.xml:29:5-20
MERGED from [com.google.android.gms:play-services-wearable:7.5.0] AndroidManifest.xml:19:5-20
MERGED from [com.google.android.gms:play-services-base:7.5.0] AndroidManifest.xml:20:5-24:19
MERGED from [com.jmedeisis:bugstick:0.2.2] AndroidManifest.xml:11:5-14:19
MERGED from [com.android.support:appcompat-v7:24.2.1] AndroidManifest.xml:25:5-20
MERGED from [com.android.support:support-v4:24.2.1] AndroidManifest.xml:25:5-20
MERGED from [com.android.support:support-fragment:24.2.1] AndroidManifest.xml:25:5-20
MERGED from [com.android.support:support-media-compat:24.2.1] AndroidManifest.xml:25:5-20
MERGED from [com.android.support:support-core-ui:24.2.1] AndroidManifest.xml:25:5-20
MERGED from [com.android.support:support-core-utils:24.2.1] AndroidManifest.xml:25:5-20
MERGED from [com.android.support:animated-vector-drawable:24.2.1] AndroidManifest.xml:22:5-20
MERGED from [com.android.support:support-vector-drawable:24.2.1] AndroidManifest.xml:23:5-20
MERGED from [com.android.support:support-compat:24.2.1] AndroidManifest.xml:25:5-20
MERGED from [com.nightonke:boommenu:2.0.7] AndroidManifest.xml:11:5-14:19
MERGED from [com.android.support:cardview-v7:25.2.0] AndroidManifest.xml:22:5-20
	android:label
		ADDED from src/main/AndroidManifest.xml:15:9-41
	android:supportsRtl
		ADDED from src/main/AndroidManifest.xml:16:9-35
	android:allowBackup
		ADDED from src/main/AndroidManifest.xml:13:9-35
	android:icon
		ADDED from src/main/AndroidManifest.xml:14:9-40
	android:theme
		ADDED from src/main/AndroidManifest.xml:17:9-43
meta-data#com.google.android.geo.API_KEY
ADDED from src/main/AndroidManifest.xml:27:9-29:55
	android:value
		ADDED from src/main/AndroidManifest.xml:29:13-52
	android:name
		ADDED from src/main/AndroidManifest.xml:28:13-58
activity#com.example.jagdish.remoteview.MainActivity
ADDED from src/main/AndroidManifest.xml:31:9-39:20
	android:screenOrientation
		ADDED from src/main/AndroidManifest.xml:33:13-54
	android:name
		ADDED from src/main/AndroidManifest.xml:32:13-41
intent-filter#android.intent.action.MAIN+android.intent.category.LAUNCHER
ADDED from src/main/AndroidManifest.xml:34:13-38:29
action#android.intent.action.MAIN
ADDED from src/main/AndroidManifest.xml:35:17-69
	android:name
		ADDED from src/main/AndroidManifest.xml:35:25-66
category#android.intent.category.LAUNCHER
ADDED from src/main/AndroidManifest.xml:37:17-77
	android:name
		ADDED from src/main/AndroidManifest.xml:37:27-74
activity#com.example.jagdish.remoteview.Setting
ADDED from src/main/AndroidManifest.xml:40:9-42:57
	android:screenOrientation
		ADDED from src/main/AndroidManifest.xml:42:13-54
	android:name
		ADDED from src/main/AndroidManifest.xml:41:13-36
activity#com.example.jagdish.remoteview.PathFlow
ADDED from src/main/AndroidManifest.xml:43:9-45:57
	android:screenOrientation
		ADDED from src/main/AndroidManifest.xml:45:13-54
	android:name
		ADDED from src/main/AndroidManifest.xml:44:13-37
activity#com.example.jagdish.remoteview.ObjectFlow
ADDED from src/main/AndroidManifest.xml:46:9-47:62
	android:screenOrientation
		ADDED from src/main/AndroidManifest.xml:47:19-60
	android:name
		ADDED from src/main/AndroidManifest.xml:46:19-45
activity#com.example.jagdish.remoteview.Photography
ADDED from src/main/AndroidManifest.xml:48:9-49:72
	android:screenOrientation
		ADDED from src/main/AndroidManifest.xml:49:19-60
	android:name
		ADDED from src/main/AndroidManifest.xml:48:19-46
uses-sdk
INJECTED from src/main/AndroidManifest.xml reason: use-sdk injection requested
MERGED from [com.google.android.gms:play-services:7.5.0] AndroidManifest.xml:18:5-42
MERGED from [com.google.android.gms:play-services-ads:7.5.0] AndroidManifest.xml:23:5-42
MERGED from [com.google.android.gms:play-services-analytics:7.5.0] AndroidManifest.xml:18:5-42
MERGED from [com.google.android.gms:play-services-appindexing:7.5.0] AndroidManifest.xml:18:5-42
MERGED from [com.google.android.gms:play-services-appinvite:7.5.0] AndroidManifest.xml:18:5-42
MERGED from [com.google.android.gms:play-services-appstate:7.5.0] AndroidManifest.xml:18:5-42
MERGED from [com.google.android.gms:play-services-cast:7.5.0] AndroidManifest.xml:18:5-42
MERGED from [com.android.support:mediarouter-v7:22.0.0] AndroidManifest.xml:20:5-43
MERGED from [com.google.android.gms:play-services-fitness:7.5.0] AndroidManifest.xml:18:5-42
MERGED from [com.google.android.gms:play-services-games:7.5.0] AndroidManifest.xml:18:5-42
MERGED from [com.google.android.gms:play-services-drive:7.5.0] AndroidManifest.xml:18:5-42
MERGED from [com.google.android.gms:play-services-gcm:7.5.0] AndroidManifest.xml:18:5-42
MERGED from [com.google.android.gms:play-services-location:7.5.0] AndroidManifest.xml:18:5-42
MERGED from [com.google.android.gms:play-services-nearby:7.5.0] AndroidManifest.xml:18:5-42
MERGED from [com.google.android.gms:play-services-panorama:7.5.0] AndroidManifest.xml:18:5-42
MERGED from [com.google.android.gms:play-services-plus:7.5.0] AndroidManifest.xml:18:5-42
MERGED from [com.google.android.gms:play-services-safetynet:7.5.0] AndroidManifest.xml:18:5-42
MERGED from [com.google.android.gms:play-services-wallet:7.5.0] AndroidManifest.xml:19:5-42
MERGED from [com.google.android.gms:play-services-identity:7.5.0] AndroidManifest.xml:18:5-42
MERGED from [com.google.android.gms:play-services-maps:7.5.0] AndroidManifest.xml:28:5-42
MERGED from [com.google.android.gms:play-services-wearable:7.5.0] AndroidManifest.xml:18:5-42
MERGED from [com.google.android.gms:play-services-base:7.5.0] AndroidManifest.xml:18:5-42
MERGED from [com.jmedeisis:bugstick:0.2.2] AndroidManifest.xml:7:5-9:41
MERGED from [pl.droidsonroids.gif:android-gif-drawable:1.1.16] AndroidManifest.xml:7:5-9:41
MERGED from [com.h6ah4i.android.widget.verticalseekbar:verticalseekbar:0.7.0] AndroidManifest.xml:23:5-25:41
MERGED from [com.android.support:appcompat-v7:24.2.1] AndroidManifest.xml:21:5-23:78
MERGED from [com.android.support:support-v4:24.2.1] AndroidManifest.xml:21:5-23:54
MERGED from [com.android.support:support-fragment:24.2.1] AndroidManifest.xml:21:5-23:60
MERGED from [com.android.support:support-media-compat:24.2.1] AndroidManifest.xml:21:5-23:63
MERGED from [com.android.support:support-core-ui:24.2.1] AndroidManifest.xml:21:5-23:58
MERGED from [com.android.support:support-core-utils:24.2.1] AndroidManifest.xml:21:5-23:61
MERGED from [com.android.support:animated-vector-drawable:24.2.1] AndroidManifest.xml:20:5-44
MERGED from [com.android.support:support-vector-drawable:24.2.1] AndroidManifest.xml:21:5-43
MERGED from [com.android.support:support-compat:24.2.1] AndroidManifest.xml:21:5-23:58
MERGED from [info.hoang8f:android-segmented:1.0.6] AndroidManifest.xml:7:5-9:41
MERGED from [com.nightonke:boommenu:2.0.7] AndroidManifest.xml:7:5-9:41
MERGED from [com.wang.avi:library:2.1.3] AndroidManifest.xml:7:5-9:41
MERGED from [com.android.support:cardview-v7:25.2.0] AndroidManifest.xml:20:5-43
	tools:overrideLibrary
		ADDED from [com.android.support:appcompat-v7:24.2.1] AndroidManifest.xml:23:9-75
	android:targetSdkVersion
		INJECTED from src/main/AndroidManifest.xml
		INJECTED from src/main/AndroidManifest.xml
	android:minSdkVersion
		INJECTED from src/main/AndroidManifest.xml
		INJECTED from src/main/AndroidManifest.xml
activity#com.google.android.gms.ads.AdActivity
ADDED from [com.google.android.gms:play-services-ads:7.5.0] AndroidManifest.xml:26:9-29:64
	android:configChanges
		ADDED from [com.google.android.gms:play-services-ads:7.5.0] AndroidManifest.xml:28:13-122
	android:theme
		ADDED from [com.google.android.gms:play-services-ads:7.5.0] AndroidManifest.xml:29:13-61
	android:name
		ADDED from [com.google.android.gms:play-services-ads:7.5.0] AndroidManifest.xml:27:13-65
activity#com.google.android.gms.ads.purchase.InAppPurchaseActivity
ADDED from [com.google.android.gms:play-services-ads:7.5.0] AndroidManifest.xml:30:9-31:52
	android:theme
		ADDED from [com.google.android.gms:play-services-ads:7.5.0] AndroidManifest.xml:31:13-50
	android:name
		ADDED from [com.google.android.gms:play-services-ads:7.5.0] AndroidManifest.xml:30:19-91
uses-permission#android.permission.GET_ACCOUNTS
ADDED from [com.google.android.gms:play-services-wallet:7.5.0] AndroidManifest.xml:21:5-70
	android:name
		ADDED from [com.google.android.gms:play-services-wallet:7.5.0] AndroidManifest.xml:21:22-68
uses-permission#android.permission.USE_CREDENTIALS
ADDED from [com.google.android.gms:play-services-wallet:7.5.0] AndroidManifest.xml:22:5-73
	android:name
		ADDED from [com.google.android.gms:play-services-wallet:7.5.0] AndroidManifest.xml:22:22-71
meta-data#com.google.android.gms.wallet.api.enabled
ADDED from [com.google.android.gms:play-services-wallet:7.5.0] AndroidManifest.xml:25:9-27:36
	android:value
		ADDED from [com.google.android.gms:play-services-wallet:7.5.0] AndroidManifest.xml:27:13-33
	android:name
		ADDED from [com.google.android.gms:play-services-wallet:7.5.0] AndroidManifest.xml:26:13-69
receiver#com.google.android.gms.wallet.EnableWalletOptimizationReceiver
ADDED from [com.google.android.gms:play-services-wallet:7.5.0] AndroidManifest.xml:28:9-34:20
	android:exported
		ADDED from [com.google.android.gms:play-services-wallet:7.5.0] AndroidManifest.xml:30:13-37
	android:name
		ADDED from [com.google.android.gms:play-services-wallet:7.5.0] AndroidManifest.xml:29:13-90
intent-filter#com.google.android.gms.wallet.ENABLE_WALLET_OPTIMIZATION
ADDED from [com.google.android.gms:play-services-wallet:7.5.0] AndroidManifest.xml:31:13-33:29
action#com.google.android.gms.wallet.ENABLE_WALLET_OPTIMIZATION
ADDED from [com.google.android.gms:play-services-wallet:7.5.0] AndroidManifest.xml:32:17-99
	android:name
		ADDED from [com.google.android.gms:play-services-wallet:7.5.0] AndroidManifest.xml:32:25-96
uses-permission#android.permission.WRITE_EXTERNAL_STORAGE
ADDED from [com.google.android.gms:play-services-maps:7.5.0] AndroidManifest.xml:22:5-80
	android:name
		ADDED from [com.google.android.gms:play-services-maps:7.5.0] AndroidManifest.xml:22:22-78
uses-feature#0x00020000
ADDED from [com.google.android.gms:play-services-maps:7.5.0] AndroidManifest.xml:24:5-26:33
	android:glEsVersion
		ADDED from [com.google.android.gms:play-services-maps:7.5.0] AndroidManifest.xml:25:8-40
	android:required
		ADDED from [com.google.android.gms:play-services-maps:7.5.0] AndroidManifest.xml:26:8-31
android:uses-permission#android.permission.READ_EXTERNAL_STORAGE
IMPLIED from src/main/AndroidManifest.xml:2:1-52:12 reason: com.google.android.gms.maps requested WRITE_EXTERNAL_STORAGE
meta-data#com.google.android.gms.version
ADDED from [com.google.android.gms:play-services-base:7.5.0] AndroidManifest.xml:21:9-23:69
	android:value
		ADDED from [com.google.android.gms:play-services-base:7.5.0] AndroidManifest.xml:23:13-66
	android:name
		ADDED from [com.google.android.gms:play-services-base:7.5.0] AndroidManifest.xml:22:13-58